<?xml version="1.0" encoding="UTF-8"?>
<!-- Generated by org.testng.reporters.JUnitReportReporter -->
<testsuite skipped="0" hostname="RahulKaushik-PC"
	name="krawler.erp.testCases.OpeningDocumentsTC" tests="2" failures="0"
	timestamp="17 Sep 2018 12:50:55 GMT" time="37.546" errors="0">
	<testcase name="beforeTestLogin" time="15.485"
		classname="krawler.erp.testCases.OpeningDocumentsTC" />
	<testcase name="Create_Vendor" time="22.061"
		classname="krawler.erp.testCases.OpeningDocumentsTC" />
</testsuite> <!-- krawler.erp.testCases.OpeningDocumentsTC -->
