<?xml version="1.0" encoding="UTF-8"?>
<!-- Generated by org.testng.reporters.JUnitReportReporter -->
<testsuite skipped="0" hostname="RahulKaushik-PC"
	name="krawler.erp.testCases.LeaseManagement" tests="1" failures="0"
	timestamp="28 May 2018 09:20:25 GMT" time="8.403" errors="0">
	<testcase name="f" time="8.403"
		classname="krawler.erp.testCases.LeaseManagement" />
</testsuite> <!-- krawler.erp.testCases.LeaseManagement -->
