<?xml version="1.0" encoding="UTF-8"?>
<!-- Generated by org.testng.reporters.JUnitReportReporter -->
<testsuite skipped="0" hostname="RahulKaushik-PC" name="krawler.erp.testCases.demo"
	tests="1" failures="0" timestamp="24 May 2018 05:49:47 GMT" time="10.009"
	errors="0">
	<testcase name="lodindWait" time="10.009" classname="krawler.erp.testCases.demo" />
</testsuite> <!-- krawler.erp.testCases.demo -->
