<?xml version="1.0" encoding="UTF-8"?>
<!-- Generated by org.testng.reporters.JUnitReportReporter -->
<testsuite skipped="0" hostname="RahulKaushik-PC"
	name="krawler.erp.testCases.LeaseManagementWithFixedAssetFlowTC" tests="2"
	failures="0" timestamp="11 Sep 2018 06:37:09 GMT" time="82.139" errors="0">
	<testcase name="beforeTestLogin" time="15.418"
		classname="krawler.erp.testCases.LeaseManagementWithFixedAssetFlowTC" />
	<testcase name="LMDeliveryOrderCreate" time="66.721"
		classname="krawler.erp.testCases.LeaseManagementWithFixedAssetFlowTC" />
</testsuite> <!-- krawler.erp.testCases.LeaseManagementWithFixedAssetFlowTC -->
