<?xml version="1.0" encoding="UTF-8"?>
<!-- Generated by org.testng.reporters.JUnitReportReporter -->
<testsuite skipped="0" hostname="RahulKaushik-PC"
	name="krawler.erp.testCases.RegressionLeaseManagementwithFixedAssetTC"
	tests="17" failures="1" timestamp="13 Sep 2018 06:30:04 GMT" time="1016.960"
	errors="0">
	<testcase name="beforeTestLogin" time="15.467"
		classname="krawler.erp.testCases.RegressionLeaseManagementwithFixedAssetTC" />
	<testcase name="LMQuatationVerification" time="23.165"
		classname="krawler.erp.testCases.RegressionLeaseManagementwithFixedAssetTC" />
	<testcase name="LMQuatationEditDelete" time="129.359"
		classname="krawler.erp.testCases.RegressionLeaseManagementwithFixedAssetTC">
		<failure type="java.lang.AssertionError" message="expected [true] but found [false]">
      <![CDATA[java.lang.AssertionError: expected [true] but found [false]
	at org.testng.Assert.fail(Assert.java:93)
	at org.testng.Assert.failNotEquals(Assert.java:512)
	at org.testng.Assert.assertTrue(Assert.java:41)
	at org.testng.Assert.assertTrue(Assert.java:51)
	at krawler.erp.page.Utilities.handleError(Utilities.java:66)
	at krawler.erp.RegressionLeaseManagementWithFixedAsset.LeaseQuotation3.EditDelete_CustomerQuotation(LeaseQuotation3.java:320)
	at krawler.erp.testCases.RegressionLeaseManagementwithFixedAssetTC.LMQuatationEditDelete(RegressionLeaseManagementwithFixedAssetTC.java:113)
	at sun.reflect.NativeMethodAccessorImpl.invoke0(Native Method)
	at sun.reflect.NativeMethodAccessorImpl.invoke(Unknown Source)
	at sun.reflect.DelegatingMethodAccessorImpl.invoke(Unknown Source)
	at java.lang.reflect.Method.invoke(Unknown Source)
	at org.testng.internal.MethodInvocationHelper.invokeMethod(MethodInvocationHelper.java:108)
	at org.testng.internal.Invoker.invokeMethod(Invoker.java:661)
	at org.testng.internal.Invoker.invokeTestMethod(Invoker.java:869)
	at org.testng.internal.Invoker.invokeTestMethods(Invoker.java:1193)
	at org.testng.internal.TestMethodWorker.invokeTestMethods(TestMethodWorker.java:126)
	at org.testng.internal.TestMethodWorker.run(TestMethodWorker.java:109)
	at org.testng.TestRunner.privateRun(TestRunner.java:744)
	at org.testng.TestRunner.run(TestRunner.java:602)
	at org.testng.SuiteRunner.runTest(SuiteRunner.java:380)
	at org.testng.SuiteRunner.runSequentially(SuiteRunner.java:375)
	at org.testng.SuiteRunner.privateRun(SuiteRunner.java:340)
	at org.testng.SuiteRunner.run(SuiteRunner.java:289)
	at org.testng.SuiteRunnerWorker.runSuite(SuiteRunnerWorker.java:52)
	at org.testng.SuiteRunnerWorker.run(SuiteRunnerWorker.java:86)
	at org.testng.TestNG.runSuitesSequentially(TestNG.java:1301)
	at org.testng.TestNG.runSuitesLocally(TestNG.java:1226)
	at org.testng.TestNG.runSuites(TestNG.java:1144)
	at org.testng.TestNG.run(TestNG.java:1115)
	at org.testng.remote.AbstractRemoteTestNG.run(AbstractRemoteTestNG.java:114)
	at org.testng.remote.RemoteTestNG.initAndRun(RemoteTestNG.java:251)
	at org.testng.remote.RemoteTestNG.main(RemoteTestNG.java:77)
]]>
		</failure>
	</testcase> <!-- LMQuatationEditDelete -->
	<testcase name="LMOrderCreate" time="83.556"
		classname="krawler.erp.testCases.RegressionLeaseManagementwithFixedAssetTC" />
	<testcase name="LMOrderVerification" time="22.952"
		classname="krawler.erp.testCases.RegressionLeaseManagementwithFixedAssetTC" />
	<testcase name="LMOrderDelete" time="141.895"
		classname="krawler.erp.testCases.RegressionLeaseManagementwithFixedAssetTC" />
	<testcase name="LContractCreate" time="83.211"
		classname="krawler.erp.testCases.RegressionLeaseManagementwithFixedAssetTC" />
	<testcase name="LMContractVerification" time="21.946"
		classname="krawler.erp.testCases.RegressionLeaseManagementwithFixedAssetTC" />
	<testcase name="LMContractDelete" time="135.162"
		classname="krawler.erp.testCases.RegressionLeaseManagementwithFixedAssetTC" />
	<testcase name="LMDeliveryOrderCreate" time="61.349"
		classname="krawler.erp.testCases.RegressionLeaseManagementwithFixedAssetTC" />
	<testcase name="LMDeliceryVerification" time="22.336"
		classname="krawler.erp.testCases.RegressionLeaseManagementwithFixedAssetTC" />
	<testcase name="LMDeliveryDelete" time="109.699"
		classname="krawler.erp.testCases.RegressionLeaseManagementwithFixedAssetTC" />
	<testcase name="LMInvoiceCreate" time="56.360"
		classname="krawler.erp.testCases.RegressionLeaseManagementwithFixedAssetTC" />
	<testcase name="LMInvoiceVerification" time="22.882"
		classname="krawler.erp.testCases.RegressionLeaseManagementwithFixedAssetTC" />
	<testcase name="LMInvoiceEdit" time="60.388"
		classname="krawler.erp.testCases.RegressionLeaseManagementwithFixedAssetTC" />
	<testcase name="LM_ProductReplacementVerification" time="17.868"
		classname="krawler.erp.testCases.RegressionLeaseManagementwithFixedAssetTC" />
	<testcase name="LM_ProductMaintenanceVerification" time="9.365"
		classname="krawler.erp.testCases.RegressionLeaseManagementwithFixedAssetTC" />
</testsuite> <!-- krawler.erp.testCases.RegressionLeaseManagementwithFixedAssetTC -->
