<?xml version="1.0" encoding="UTF-8"?>
<!-- Generated by org.testng.reporters.JUnitReportReporter -->
<testsuite skipped="77" hostname="RahulKaushik-PC"
	name="krawler.erp.testCases.NewSmokeERP" tests="78" failures="0"
	timestamp="05 Jun 2018 12:25:44 GMT" time="0.125" errors="1">
	<testcase name="startReport" time="0.125"
		classname="krawler.erp.testCases.NewSmokeERP">
		<error type="java.lang.NoClassDefFoundError" message="freemarker/template/TemplateException">
      <![CDATA[java.lang.NoClassDefFoundError: freemarker/template/TemplateException
	at com.relevantcodes.extentreports.ExtentReports.<init>(ExtentReports.java:78)
	at com.relevantcodes.extentreports.ExtentReports.<init>(ExtentReports.java:362)
	at krawler.erp.testCases.NewSmokeERP.startReport(NewSmokeERP.java:775)
	at sun.reflect.NativeMethodAccessorImpl.invoke0(Native Method)
	at sun.reflect.NativeMethodAccessorImpl.invoke(Unknown Source)
	at sun.reflect.DelegatingMethodAccessorImpl.invoke(Unknown Source)
	at java.lang.reflect.Method.invoke(Unknown Source)
	at org.testng.internal.MethodInvocationHelper.invokeMethod(MethodInvocationHelper.java:108)
	at org.testng.internal.Invoker.invokeConfigurationMethod(Invoker.java:523)
	at org.testng.internal.Invoker.invokeConfigurations(Invoker.java:224)
	at org.testng.internal.Invoker.invokeConfigurations(Invoker.java:146)
	at org.testng.TestRunner.beforeRun(TestRunner.java:626)
	at org.testng.TestRunner.run(TestRunner.java:594)
	at org.testng.SuiteRunner.runTest(SuiteRunner.java:380)
	at org.testng.SuiteRunner.runSequentially(SuiteRunner.java:375)
	at org.testng.SuiteRunner.privateRun(SuiteRunner.java:340)
	at org.testng.SuiteRunner.run(SuiteRunner.java:289)
	at org.testng.SuiteRunnerWorker.runSuite(SuiteRunnerWorker.java:52)
	at org.testng.SuiteRunnerWorker.run(SuiteRunnerWorker.java:86)
	at org.testng.TestNG.runSuitesSequentially(TestNG.java:1301)
	at org.testng.TestNG.runSuitesLocally(TestNG.java:1226)
	at org.testng.TestNG.runSuites(TestNG.java:1144)
	at org.testng.TestNG.run(TestNG.java:1115)
	at org.testng.remote.AbstractRemoteTestNG.run(AbstractRemoteTestNG.java:114)
	at org.testng.remote.RemoteTestNG.initAndRun(RemoteTestNG.java:251)
	at org.testng.remote.RemoteTestNG.main(RemoteTestNG.java:77)
Caused by: java.lang.ClassNotFoundException: freemarker.template.TemplateException
	at java.net.URLClassLoader.findClass(Unknown Source)
	at java.lang.ClassLoader.loadClass(Unknown Source)
	at sun.misc.Launcher$AppClassLoader.loadClass(Unknown Source)
	at java.lang.ClassLoader.loadClass(Unknown Source)
	... 26 more
]]>
		</error>
	</testcase> <!-- startReport -->
	<testcase name="productMaster" time="0.000"
		classname="krawler.erp.testCases.NewSmokeERP">
		<skipped />
	</testcase> <!-- productMaster -->
	<testcase name="validate_productCopyEditDelete" time="0.000"
		classname="krawler.erp.testCases.NewSmokeERP">
		<skipped />
	</testcase> <!-- validate_productCopyEditDelete -->
	<testcase name="vendorMaster" time="0.000"
		classname="krawler.erp.testCases.NewSmokeERP">
		<skipped />
	</testcase> <!-- vendorMaster -->
	<testcase name="validate_vendorCopyEditDelete" time="0.000"
		classname="krawler.erp.testCases.NewSmokeERP">
		<skipped />
	</testcase> <!-- validate_vendorCopyEditDelete -->
	<testcase name="customerMaster" time="0.000"
		classname="krawler.erp.testCases.NewSmokeERP">
		<skipped />
	</testcase> <!-- customerMaster -->
	<testcase name="validate_customerCopyEditDelete" time="0.000"
		classname="krawler.erp.testCases.NewSmokeERP">
		<skipped />
	</testcase> <!-- validate_customerCopyEditDelete -->
	<testcase name="purchaseRequisition" time="0.000"
		classname="krawler.erp.testCases.NewSmokeERP">
		<skipped />
	</testcase> <!-- purchaseRequisition -->
	<testcase name="validate_PRCopyEditDelete" time="0.000"
		classname="krawler.erp.testCases.NewSmokeERP">
		<skipped />
	</testcase> <!-- validate_PRCopyEditDelete -->
	<testcase name="vendorQuotation" time="0.000"
		classname="krawler.erp.testCases.NewSmokeERP">
		<skipped />
	</testcase> <!-- vendorQuotation -->
	<testcase name="validate_VendorQuatationCopyEditDelete" time="0.000"
		classname="krawler.erp.testCases.NewSmokeERP">
		<skipped />
	</testcase> <!-- validate_VendorQuatationCopyEditDelete -->
	<testcase name="cashPurchase" time="0.000"
		classname="krawler.erp.testCases.NewSmokeERP">
		<skipped />
	</testcase> <!-- cashPurchase -->
	<testcase name="validate_cashPurchaseCopyEditDelete" time="0.000"
		classname="krawler.erp.testCases.NewSmokeERP">
		<skipped />
	</testcase> <!-- validate_cashPurchaseCopyEditDelete -->
	<testcase name="cashPurchase_Expense" time="0.000"
		classname="krawler.erp.testCases.NewSmokeERP">
		<skipped />
	</testcase> <!-- cashPurchase_Expense -->
	<testcase name="validate_cashPurchase_Expense" time="0.000"
		classname="krawler.erp.testCases.NewSmokeERP">
		<skipped />
	</testcase> <!-- validate_cashPurchase_Expense -->
	<testcase name="vendorInvoice" time="0.000"
		classname="krawler.erp.testCases.NewSmokeERP">
		<skipped />
	</testcase> <!-- vendorInvoice -->
	<testcase name="validate_vendorInvoiceCopyEditDelete" time="0.000"
		classname="krawler.erp.testCases.NewSmokeERP">
		<skipped />
	</testcase> <!-- validate_vendorInvoiceCopyEditDelete -->
	<testcase name="vendorInvoice_Expense" time="0.000"
		classname="krawler.erp.testCases.NewSmokeERP">
		<skipped />
	</testcase> <!-- vendorInvoice_Expense -->
	<testcase name="validate_vendorPIExpenseCopyEditDelete" time="0.000"
		classname="krawler.erp.testCases.NewSmokeERP">
		<skipped />
	</testcase> <!-- validate_vendorPIExpenseCopyEditDelete -->
	<testcase name="goodReceipt" time="0.000"
		classname="krawler.erp.testCases.NewSmokeERP">
		<skipped />
	</testcase> <!-- goodReceipt -->
	<testcase name="validate_goodReceiptCopyEditDelete" time="0.000"
		classname="krawler.erp.testCases.NewSmokeERP">
		<skipped />
	</testcase> <!-- validate_goodReceiptCopyEditDelete -->
	<testcase name="purchaseReturnOnly" time="0.000"
		classname="krawler.erp.testCases.NewSmokeERP">
		<skipped />
	</testcase> <!-- purchaseReturnOnly -->
	<testcase name="validate_purchaseReturnOnlyCopyEditDelete"
		time="0.000" classname="krawler.erp.testCases.NewSmokeERP">
		<skipped />
	</testcase> <!-- validate_purchaseReturnOnlyCopyEditDelete -->
	<testcase name="purchaseReturnDebitNote" time="0.000"
		classname="krawler.erp.testCases.NewSmokeERP">
		<skipped />
	</testcase> <!-- purchaseReturnDebitNote -->
	<testcase name="validate_purchaseReturnDebitNoteCopyEditDelete"
		time="0.000" classname="krawler.erp.testCases.NewSmokeERP">
		<skipped />
	</testcase> <!-- validate_purchaseReturnDebitNoteCopyEditDelete -->
	<testcase name="debitNoteOtherWise" time="0.000"
		classname="krawler.erp.testCases.NewSmokeERP">
		<skipped />
	</testcase> <!-- debitNoteOtherWise -->
	<testcase name="validate_debitNoteOtherWiseCopyEditDelete"
		time="0.000" classname="krawler.erp.testCases.NewSmokeERP">
		<skipped />
	</testcase> <!-- validate_debitNoteOtherWiseCopyEditDelete -->
	<testcase name="customerQuotation" time="0.000"
		classname="krawler.erp.testCases.NewSmokeERP">
		<skipped />
	</testcase> <!-- customerQuotation -->
	<testcase name="validate_customerQuotationCopyEditDelete"
		time="0.000" classname="krawler.erp.testCases.NewSmokeERP">
		<skipped />
	</testcase> <!-- validate_customerQuotationCopyEditDelete -->
	<testcase name="salesOrder" time="0.000"
		classname="krawler.erp.testCases.NewSmokeERP">
		<skipped />
	</testcase> <!-- salesOrder -->
	<testcase name="validate_salesOrderCopyEditDelete" time="0.000"
		classname="krawler.erp.testCases.NewSmokeERP">
		<skipped />
	</testcase> <!-- validate_salesOrderCopyEditDelete -->
	<testcase name="cashSale" time="0.000"
		classname="krawler.erp.testCases.NewSmokeERP">
		<skipped />
	</testcase> <!-- cashSale -->
	<testcase name="validate_cashSaleCopyEditDelete" time="0.000"
		classname="krawler.erp.testCases.NewSmokeERP">
		<skipped />
	</testcase> <!-- validate_cashSaleCopyEditDelete -->
	<testcase name="salesInvoice" time="0.000"
		classname="krawler.erp.testCases.NewSmokeERP">
		<skipped />
	</testcase> <!-- salesInvoice -->
	<testcase name="validate_salesInvoiceCopyEditDelete" time="0.000"
		classname="krawler.erp.testCases.NewSmokeERP">
		<skipped />
	</testcase> <!-- validate_salesInvoiceCopyEditDelete -->
	<testcase name="deliveryOrder" time="0.000"
		classname="krawler.erp.testCases.NewSmokeERP">
		<skipped />
	</testcase> <!-- deliveryOrder -->
	<testcase name="validate_deliveryOrderCopyEditDelete" time="0.000"
		classname="krawler.erp.testCases.NewSmokeERP">
		<skipped />
	</testcase> <!-- validate_deliveryOrderCopyEditDelete -->
	<testcase name="salesReturnOnly" time="0.000"
		classname="krawler.erp.testCases.NewSmokeERP">
		<skipped />
	</testcase> <!-- salesReturnOnly -->
	<testcase name="validate_salesReturnOnlyCopyEditDelete" time="0.000"
		classname="krawler.erp.testCases.NewSmokeERP">
		<skipped />
	</testcase> <!-- validate_salesReturnOnlyCopyEditDelete -->
	<testcase name="salesReturnWithCreditNote" time="0.000"
		classname="krawler.erp.testCases.NewSmokeERP">
		<skipped />
	</testcase> <!-- salesReturnWithCreditNote -->
	<testcase name="validate_salesReturnWithCreditNoteCopyEditDelete"
		time="0.000" classname="krawler.erp.testCases.NewSmokeERP">
		<skipped />
	</testcase> <!-- validate_salesReturnWithCreditNoteCopyEditDelete -->
	<testcase name="creditNoteOtherwise" time="0.000"
		classname="krawler.erp.testCases.NewSmokeERP">
		<skipped />
	</testcase> <!-- creditNoteOtherwise -->
	<testcase name="validate_creditNoteOtherwiseCopyEditDelete"
		time="0.000" classname="krawler.erp.testCases.NewSmokeERP">
		<skipped />
	</testcase> <!-- validate_creditNoteOtherwiseCopyEditDelete -->
	<testcase name="CreditNoteSalesInvoice" time="0.000"
		classname="krawler.erp.testCases.NewSmokeERP">
		<skipped />
	</testcase> <!-- CreditNoteSalesInvoice -->
	<testcase name="validate_CreditNoteSalesInvoiceCopyEditDelete"
		time="0.000" classname="krawler.erp.testCases.NewSmokeERP">
		<skipped />
	</testcase> <!-- validate_CreditNoteSalesInvoiceCopyEditDelete -->
	<testcase name="CreditAgainstvendor" time="0.000"
		classname="krawler.erp.testCases.NewSmokeERP">
		<skipped />
	</testcase> <!-- CreditAgainstvendor -->
	<testcase name="validate_CreditAgainstvendorCopyEditDelete"
		time="0.000" classname="krawler.erp.testCases.NewSmokeERP">
		<skipped />
	</testcase> <!-- validate_CreditAgainstvendorCopyEditDelete -->
	<testcase name="PurchaseOrder" time="0.000"
		classname="krawler.erp.testCases.NewSmokeERP">
		<skipped />
	</testcase> <!-- PurchaseOrder -->
	<testcase name="validate_PurchaseOrderCopyEditDelete" time="0.000"
		classname="krawler.erp.testCases.NewSmokeERP">
		<skipped />
	</testcase> <!-- validate_PurchaseOrderCopyEditDelete -->
	<testcase name="purchaseOrder_Expense" time="0.000"
		classname="krawler.erp.testCases.NewSmokeERP">
		<skipped />
	</testcase> <!-- purchaseOrder_Expense -->
	<testcase name="validate_poExpenseCopyEditDelete" time="0.000"
		classname="krawler.erp.testCases.NewSmokeERP">
		<skipped />
	</testcase> <!-- validate_poExpenseCopyEditDelete -->
	<testcase name="debitNoteAgainstCustomer" time="0.000"
		classname="krawler.erp.testCases.NewSmokeERP">
		<skipped />
	</testcase> <!-- debitNoteAgainstCustomer -->
	<testcase name="validate_debitNoteAgainstCustomerCopyEditDelete"
		time="0.000" classname="krawler.erp.testCases.NewSmokeERP">
		<skipped />
	</testcase> <!-- validate_debitNoteAgainstCustomerCopyEditDelete -->
	<testcase name="MakePaymentVendorAdvance" time="0.000"
		classname="krawler.erp.testCases.NewSmokeERP">
		<skipped />
	</testcase> <!-- MakePaymentVendorAdvance -->
	<testcase name="validate_MakePaymentVendorAdvanceCopyEditDelete"
		time="0.000" classname="krawler.erp.testCases.NewSmokeERP">
		<skipped />
	</testcase> <!-- validate_MakePaymentVendorAdvanceCopyEditDelete -->
	<testcase name="MakePaymentVendorCreditNote" time="0.000"
		classname="krawler.erp.testCases.NewSmokeERP">
		<skipped />
	</testcase> <!-- MakePaymentVendorCreditNote -->
	<testcase name="validate_MakePaymentVendorCreditNoteCopyEditDelete"
		time="0.000" classname="krawler.erp.testCases.NewSmokeERP">
		<skipped />
	</testcase> <!-- validate_MakePaymentVendorCreditNoteCopyEditDelete -->
	<testcase name="MakePaymentVendorInvoice" time="0.000"
		classname="krawler.erp.testCases.NewSmokeERP">
		<skipped />
	</testcase> <!-- MakePaymentVendorInvoice -->
	<testcase name="validate_MakePaymentVendorInvoiceCopyEditDelete"
		time="0.000" classname="krawler.erp.testCases.NewSmokeERP">
		<skipped />
	</testcase> <!-- validate_MakePaymentVendorInvoiceCopyEditDelete -->
	<testcase name="MakePaymentAgainstGL" time="0.000"
		classname="krawler.erp.testCases.NewSmokeERP">
		<skipped />
	</testcase> <!-- MakePaymentAgainstGL -->
	<testcase name="validate_MakePaymentAgainstGLCopyEditDelete"
		time="0.000" classname="krawler.erp.testCases.NewSmokeERP">
		<skipped />
	</testcase> <!-- validate_MakePaymentAgainstGLCopyEditDelete -->
	<testcase name="ReceivePaymentCustomerAdvance" time="0.000"
		classname="krawler.erp.testCases.NewSmokeERP">
		<skipped />
	</testcase> <!-- ReceivePaymentCustomerAdvance -->
	<testcase name="validate_ReceivePaymentCustomerAdvanceCopyEditDelete"
		time="0.000" classname="krawler.erp.testCases.NewSmokeERP">
		<skipped />
	</testcase> <!-- validate_ReceivePaymentCustomerAdvanceCopyEditDelete -->
	<testcase name="ReceivePaymentCustomerDebitNote" time="0.000"
		classname="krawler.erp.testCases.NewSmokeERP">
		<skipped />
	</testcase> <!-- ReceivePaymentCustomerDebitNote -->
	<testcase name="validate_ReceivePaymentCustomerDebitNoteCopyEditDelete"
		time="0.000" classname="krawler.erp.testCases.NewSmokeERP">
		<skipped />
	</testcase> <!-- validate_ReceivePaymentCustomerDebitNoteCopyEditDelete -->
	<testcase name="ReceivePaymentCustomerInvoice" time="0.000"
		classname="krawler.erp.testCases.NewSmokeERP">
		<skipped />
	</testcase> <!-- ReceivePaymentCustomerInvoice -->
	<testcase name="ReceivePaymentVendorAdvance" time="0.000"
		classname="krawler.erp.testCases.NewSmokeERP">
		<skipped />
	</testcase> <!-- ReceivePaymentVendorAdvance -->
	<testcase name="validate_ReceivePaymentVendorAdvanceCopyEditDelete"
		time="0.000" classname="krawler.erp.testCases.NewSmokeERP">
		<skipped />
	</testcase> <!-- validate_ReceivePaymentVendorAdvanceCopyEditDelete -->
	<testcase name="ReceivePaymentVendor" time="0.000"
		classname="krawler.erp.testCases.NewSmokeERP">
		<skipped />
	</testcase> <!-- ReceivePaymentVendor -->
	<testcase name="ReceivePayment" time="0.000"
		classname="krawler.erp.testCases.NewSmokeERP">
		<skipped />
	</testcase> <!-- ReceivePayment -->
	<testcase name="validate_ReceivePaymentGL_CopyEditDelete"
		time="0.000" classname="krawler.erp.testCases.NewSmokeERP">
		<skipped />
	</testcase> <!-- validate_ReceivePaymentGL_CopyEditDelete -->
	<testcase name="create_ChartofAccount" time="0.000"
		classname="krawler.erp.testCases.NewSmokeERP">
		<skipped />
	</testcase> <!-- create_ChartofAccount -->
	<testcase name="validate_ChartofAccount_EditDelete" time="0.000"
		classname="krawler.erp.testCases.NewSmokeERP">
		<skipped />
	</testcase> <!-- validate_ChartofAccount_EditDelete -->
	<testcase name="create_NormalJE" time="0.000"
		classname="krawler.erp.testCases.NewSmokeERP">
		<skipped />
	</testcase> <!-- create_NormalJE -->
	<testcase name="validate_NormalJE_CopyEditDelete" time="0.000"
		classname="krawler.erp.testCases.NewSmokeERP">
		<skipped />
	</testcase> <!-- validate_NormalJE_CopyEditDelete -->
	<testcase name="create_PartyJE" time="0.000"
		classname="krawler.erp.testCases.NewSmokeERP">
		<skipped />
	</testcase> <!-- create_PartyJE -->
	<testcase name="validate_PartyJE_CopyEditDelete" time="0.000"
		classname="krawler.erp.testCases.NewSmokeERP">
		<skipped />
	</testcase> <!-- validate_PartyJE_CopyEditDelete -->
	<testcase name="create_FundTransferJE" time="0.000"
		classname="krawler.erp.testCases.NewSmokeERP">
		<skipped />
	</testcase> <!-- create_FundTransferJE -->
</testsuite> <!-- krawler.erp.testCases.NewSmokeERP -->
