<?xml version="1.0" encoding="UTF-8"?>
<!-- Generated by org.testng.reporters.JUnitReportReporter -->
<testsuite skipped="0" hostname="Sujata-PCWin10"
	name="krawler.erp.testCases.InventorySmokeValidate" tests="1" failures="0"
	timestamp="11 May 2018 09:50:40 GMT" time="310.336" errors="0">
	<testcase name="verify_ReportsforStockIn" time="310.336"
		classname="krawler.erp.testCases.InventorySmokeValidate" />
</testsuite> <!-- krawler.erp.testCases.InventorySmokeValidate -->
